[debug] [2023-05-28T15:13:36.087Z] ----------------------------------------------------------------------
[debug] [2023-05-28T15:13:36.089Z] Command:       C:\Program Files\nodejs\node.exe C:\Users\macie\AppData\Roaming\npm\node_modules\firebase-tools\lib\bin\firebase.js init
[debug] [2023-05-28T15:13:36.089Z] CLI Version:   12.2.1
[debug] [2023-05-28T15:13:36.089Z] Platform:      win32
[debug] [2023-05-28T15:13:36.090Z] Node Version:  v16.15.1
[debug] [2023-05-28T15:13:36.091Z] Time:          Sun May 28 2023 16:13:36 GMT+0100 (GMT+01:00)
[debug] [2023-05-28T15:13:36.091Z] ----------------------------------------------------------------------
[debug] 
[debug] [2023-05-28T15:13:36.099Z] > command requires scopes: ["email","openid","https://www.googleapis.com/auth/cloudplatformprojects.readonly","https://www.googleapis.com/auth/firebase","https://www.googleapis.com/auth/cloud-platform"]
[debug] [2023-05-28T15:13:36.099Z] > authorizing via signed-in user (maciejfrs@gmail.com)
[info] 
     ######## #### ########  ######## ########     ###     ######  ########
     ##        ##  ##     ## ##       ##     ##  ##   ##  ##       ##
     ######    ##  ########  ######   ########  #########  ######  ######
     ##        ##  ##    ##  ##       ##     ## ##     ##       ## ##
     ##       #### ##     ## ######## ########  ##     ##  ######  ########

You're about to initialize a Firebase project in this directory:

  D:\Studia\6sem\PIWo\lab6\lab6-zadanie\src

[info] 
=== Project Setup
[info] 
[info] First, let's associate this project directory with a Firebase project.
[info] You can create multiple project aliases by running firebase use --add, 
[info] but for now we'll just set up a default project.
[info] 
